nohup: ignoring input
[W 2023-12-13 21:39:42.700 ServerApp] A `_jupyter_server_extension_points` function was not found in jupyter_lsp. Instead, a `_jupyter_server_extension_paths` function was found and will be used for now. This function name will be deprecated in future releases of Jupyter Server.
[W 2023-12-13 21:39:42.852 ServerApp] A `_jupyter_server_extension_points` function was not found in notebook_shim. Instead, a `_jupyter_server_extension_paths` function was found and will be used for now. This function name will be deprecated in future releases of Jupyter Server.
[I 2023-12-13 21:39:42.854 ServerApp] jupyter_lsp | extension was successfully linked.
[I 2023-12-13 21:39:42.858 ServerApp] jupyter_server_terminals | extension was successfully linked.
[I 2023-12-13 21:39:42.863 ServerApp] jupyterlab | extension was successfully linked.
[I 2023-12-13 21:39:42.867 ServerApp] notebook | extension was successfully linked.
[I 2023-12-13 21:39:43.518 ServerApp] notebook_shim | extension was successfully linked.
[I 2023-12-13 21:39:43.588 ServerApp] notebook_shim | extension was successfully loaded.
[I 2023-12-13 21:39:43.590 ServerApp] jupyter_lsp | extension was successfully loaded.
[I 2023-12-13 21:39:43.591 ServerApp] jupyter_server_terminals | extension was successfully loaded.
[I 2023-12-13 21:39:43.610 LabApp] JupyterLab extension loaded from /home/brooke_sienkiewicz_student_uml_edu/.conda/envs/skbio/lib/python3.8/site-packages/jupyterlab
[I 2023-12-13 21:39:43.610 LabApp] JupyterLab application directory is /home/brooke_sienkiewicz_student_uml_edu/.conda/envs/skbio/share/jupyter/lab
[I 2023-12-13 21:39:43.611 LabApp] Extension Manager is 'pypi'.
[I 2023-12-13 21:39:43.613 ServerApp] jupyterlab | extension was successfully loaded.
[I 2023-12-13 21:39:43.619 ServerApp] notebook | extension was successfully loaded.
[I 2023-12-13 21:39:43.619 ServerApp] Serving notebooks from local directory: /project/pi_sarah_gignouxwolfsohn_uml_edu/brooke/CBC_metagenomics
[I 2023-12-13 21:39:43.619 ServerApp] Jupyter Server 2.12.1 is running at:
[I 2023-12-13 21:39:43.619 ServerApp] http://localhost:8887/tree?token=6b3a6a7d818bf58f67af487e382b3aee222a08ef302d8f08
[I 2023-12-13 21:39:43.619 ServerApp]     http://127.0.0.1:8887/tree?token=6b3a6a7d818bf58f67af487e382b3aee222a08ef302d8f08
[I 2023-12-13 21:39:43.619 ServerApp] Use Control-C to stop this server and shut down all kernels (twice to skip confirmation).
[C 2023-12-13 21:39:43.631 ServerApp] 
    
    To access the server, open this file in a browser:
        file:///home/brooke_sienkiewicz_student_uml_edu/.local/share/jupyter/runtime/jpserver-1544562-open.html
    Or copy and paste one of these URLs:
        http://localhost:8887/tree?token=6b3a6a7d818bf58f67af487e382b3aee222a08ef302d8f08
        http://127.0.0.1:8887/tree?token=6b3a6a7d818bf58f67af487e382b3aee222a08ef302d8f08
[I 2023-12-13 21:39:43.691 ServerApp] Skipped non-installed server(s): bash-language-server, dockerfile-language-server-nodejs, javascript-typescript-langserver, jedi-language-server, julia-language-server, pyright, python-language-server, python-lsp-server, r-languageserver, sql-language-server, texlab, typescript-language-server, unified-language-server, vscode-css-languageserver-bin, vscode-html-languageserver-bin, vscode-json-languageserver-bin, yaml-language-server
